<?xml version="1.0" encoding="UTF-8"?>
<testng-results skipped="0" failed="0" total="1" passed="1">
  <reporter-output>
  </reporter-output>
  <suite name="Default suite" duration-ms="156559" started-at="2015-12-01T11:41:48Z" finished-at="2015-12-01T11:44:25Z">
    <groups>
    </groups>
    <test name="Default test" duration-ms="156559" started-at="2015-12-01T11:41:48Z" finished-at="2015-12-01T11:44:25Z">
      <class name="com.camera.test.CameraTest">
        <test-method status="PASS" signature="beforeTest()[pri:0, instance:com.camera.test.CameraTest@3ac3fd8b]" name="beforeTest" is-config="true" duration-ms="5669" started-at="2015-12-01T19:41:48Z" finished-at="2015-12-01T19:41:54Z">
          <reporter-output>
          </reporter-output>
        </test-method> <!-- beforeTest -->
        <test-method status="PASS" signature="f()[pri:0, instance:com.camera.test.CameraTest@3ac3fd8b]" name="f" duration-ms="149622" started-at="2015-12-01T19:41:54Z" finished-at="2015-12-01T19:44:24Z">
          <reporter-output>
          </reporter-output>
        </test-method> <!-- f -->
        <test-method status="PASS" signature="afterTest()[pri:0, instance:com.camera.test.CameraTest@3ac3fd8b]" name="afterTest" is-config="true" duration-ms="1257" started-at="2015-12-01T19:44:24Z" finished-at="2015-12-01T19:44:25Z">
          <reporter-output>
          </reporter-output>
        </test-method> <!-- afterTest -->
      </class> <!-- com.camera.test.CameraTest -->
    </test> <!-- Default test -->
  </suite> <!-- Default suite -->
</testng-results>
